============================= test session starts ==============================
platform linux -- Python 3.13.5, pytest-9.0.2, pluggy-1.6.0
rootdir: /mnt/data/boq_system_v2_worker_a_r1
plugins: cov-7.0.0, anyio-4.13.0, json-report-1.5.0, Faker-40.1.2, ddtrace-4.4.0, metadata-3.1.1, asyncio-1.3.0
asyncio: mode=Mode.STRICT, debug=False, asyncio_default_fixture_loop_scope=None, asyncio_default_test_loop_scope=function
collected 4 items / 1 error

==================================== ERRORS ====================================
_____________________ ERROR collecting test_dxf_parser.py ______________________
ImportError while importing test module '/mnt/data/boq_system_v2_worker_a_r1/test_dxf_parser.py'.
Hint: make sure your test modules/packages have valid Python names.
Traceback:
/usr/lib/python3.13/importlib/__init__.py:88: in import_module
    return _bootstrap._gcd_import(name[level:], package, level)
           ^^^^^^^^^^^^^^^^^^^^^^^^^^^^^^^^^^^^^^^^^^^^^^^^^^^^
test_dxf_parser.py:12: in <module>
    from engine.pdf_dxf_parser import DrawingParserV2, DrawingParseResult
E   ImportError: cannot import name 'DrawingParseResult' from 'engine.pdf_dxf_parser' (/mnt/data/boq_system_v2_worker_a_r1/backend/engine/pdf_dxf_parser.py)
=========================== short test summary info ============================
ERROR test_dxf_parser.py
!!!!!!!!!!!!!!!!!!!! Interrupted: 1 error during collection !!!!!!!!!!!!!!!!!!!!
=============================== 1 error in 0.58s ===============================
