============================= test session starts ==============================
platform linux -- Python 3.13.5, pytest-9.0.2, pluggy-1.6.0
rootdir: /mnt/data/boq_system_v2_worker_a_r1
plugins: cov-7.0.0, anyio-4.13.0, json-report-1.5.0, Faker-40.1.2, ddtrace-4.4.0, metadata-3.1.1, asyncio-1.3.0
asyncio: mode=Mode.STRICT, debug=False, asyncio_default_fixture_loop_scope=None, asyncio_default_test_loop_scope=function
collected 4 items

test_fajardo_v2.py ....                                                  [100%]

============================== 4 passed in 0.03s ===============================
